Analysis & Synthesis report for relogioFinal
Mon Dec 14 19:59:55 2020
Quartus II 64-Bit Version 13.0.1 Build 232 06/12/2013 Service Pack 1 SJ Web Edition


---------------------
; Table of Contents ;
---------------------
  1. Legal Notice
  2. Analysis & Synthesis Summary
  3. Analysis & Synthesis Settings
  4. Parallel Compilation
  5. Analysis & Synthesis Source Files Read
  6. Analysis & Synthesis Resource Usage Summary
  7. Analysis & Synthesis Resource Utilization by Entity
  8. User-Specified and Inferred Latches
  9. General Register Statistics
 10. Multiplexer Restructuring Statistics (Restructuring Performed)
 11. Parameter Settings for User Entity Instance: Top-level Entity: |relogioFinal
 12. Parameter Settings for User Entity Instance: divisorFrequencia:div_f0
 13. Parameter Settings for User Entity Instance: contadorMOD60:u_c
 14. Parameter Settings for User Entity Instance: contadorMOD60:u_c|lpm_counter:LPM_COUNTER_component
 15. Parameter Settings for User Entity Instance: contadorMOD60:d_c
 16. Parameter Settings for User Entity Instance: contadorMOD60:d_c|lpm_counter:LPM_COUNTER_component
 17. Parameter Settings for User Entity Instance: contadorMOD60:c_c
 18. Parameter Settings for User Entity Instance: contadorMOD60:c_c|lpm_counter:LPM_COUNTER_component
 19. Parameter Settings for User Entity Instance: contadorMOD60:m_c
 20. Parameter Settings for User Entity Instance: contadorMOD60:m_c|lpm_counter:LPM_COUNTER_component
 21. Parameter Settings for User Entity Instance: contaHora:dm_c|lpm_counter:LPM_COUNTER_component
 22. Parameter Settings for User Entity Instance: contaHora:meg_c|lpm_counter:LPM_COUNTER_component
 23. Port Connectivity Checks: "contaHora:dm_c"
 24. Port Connectivity Checks: "decode7seg_rel:d_5"
 25. Port Connectivity Checks: "decode7seg_rel:d_4"
 26. Port Connectivity Checks: "decode7seg_rel:d_3"
 27. Port Connectivity Checks: "decode7seg_rel:d_2"
 28. Port Connectivity Checks: "decode7seg_rel:d_1"
 29. Port Connectivity Checks: "decode7seg_rel:d_0"
 30. Elapsed Time Per Partition
 31. Analysis & Synthesis Messages



----------------
; Legal Notice ;
----------------
Copyright (C) 1991-2013 Altera Corporation
Your use of Altera Corporation's design tools, logic functions 
and other software and tools, and its AMPP partner logic 
functions, and any output files from any of the foregoing 
(including device programming or simulation files), and any 
associated documentation or information are expressly subject 
to the terms and conditions of the Altera Program License 
Subscription Agreement, Altera MegaCore Function License 
Agreement, or other applicable license agreement, including, 
without limitation, that your use is for the sole purpose of 
programming logic devices manufactured by Altera and sold by 
Altera or its authorized distributors.  Please refer to the 
applicable agreement for further details.



+--------------------------------------------------------------------------------------+
; Analysis & Synthesis Summary                                                         ;
+------------------------------------+-------------------------------------------------+
; Analysis & Synthesis Status        ; Successful - Mon Dec 14 19:59:55 2020           ;
; Quartus II 64-Bit Version          ; 13.0.1 Build 232 06/12/2013 SP 1 SJ Web Edition ;
; Revision Name                      ; relogioFinal                                    ;
; Top-level Entity Name              ; relogioFinal                                    ;
; Family                             ; Cyclone II                                      ;
; Total logic elements               ; 387                                             ;
;     Total combinational functions  ; 372                                             ;
;     Dedicated logic registers      ; 64                                              ;
; Total registers                    ; 64                                              ;
; Total pins                         ; 68                                              ;
; Total virtual pins                 ; 0                                               ;
; Total memory bits                  ; 0                                               ;
; Embedded Multiplier 9-bit elements ; 0                                               ;
; Total PLLs                         ; 0                                               ;
+------------------------------------+-------------------------------------------------+


+----------------------------------------------------------------------------------------------------------------------+
; Analysis & Synthesis Settings                                                                                        ;
+----------------------------------------------------------------------------+--------------------+--------------------+
; Option                                                                     ; Setting            ; Default Value      ;
+----------------------------------------------------------------------------+--------------------+--------------------+
; Device                                                                     ; EP2C5T144C8        ;                    ;
; Top-level entity name                                                      ; relogioFinal       ; relogioFinal       ;
; Family name                                                                ; Cyclone II         ; Cyclone IV GX      ;
; Use smart compilation                                                      ; Off                ; Off                ;
; Enable parallel Assembler and TimeQuest Timing Analyzer during compilation ; On                 ; On                 ;
; Enable compact report table                                                ; Off                ; Off                ;
; Restructure Multiplexers                                                   ; Auto               ; Auto               ;
; Create Debugging Nodes for IP Cores                                        ; Off                ; Off                ;
; Preserve fewer node names                                                  ; On                 ; On                 ;
; Disable OpenCore Plus hardware evaluation                                  ; Off                ; Off                ;
; Verilog Version                                                            ; Verilog_2001       ; Verilog_2001       ;
; VHDL Version                                                               ; VHDL_1993          ; VHDL_1993          ;
; State Machine Processing                                                   ; Auto               ; Auto               ;
; Safe State Machine                                                         ; Off                ; Off                ;
; Extract Verilog State Machines                                             ; On                 ; On                 ;
; Extract VHDL State Machines                                                ; On                 ; On                 ;
; Ignore Verilog initial constructs                                          ; Off                ; Off                ;
; Iteration limit for constant Verilog loops                                 ; 5000               ; 5000               ;
; Iteration limit for non-constant Verilog loops                             ; 250                ; 250                ;
; Add Pass-Through Logic to Inferred RAMs                                    ; On                 ; On                 ;
; Infer RAMs from Raw Logic                                                  ; On                 ; On                 ;
; Parallel Synthesis                                                         ; On                 ; On                 ;
; DSP Block Balancing                                                        ; Auto               ; Auto               ;
; NOT Gate Push-Back                                                         ; On                 ; On                 ;
; Power-Up Don't Care                                                        ; On                 ; On                 ;
; Remove Redundant Logic Cells                                               ; Off                ; Off                ;
; Remove Duplicate Registers                                                 ; On                 ; On                 ;
; Ignore CARRY Buffers                                                       ; Off                ; Off                ;
; Ignore CASCADE Buffers                                                     ; Off                ; Off                ;
; Ignore GLOBAL Buffers                                                      ; Off                ; Off                ;
; Ignore ROW GLOBAL Buffers                                                  ; Off                ; Off                ;
; Ignore LCELL Buffers                                                       ; Off                ; Off                ;
; Ignore SOFT Buffers                                                        ; On                 ; On                 ;
; Limit AHDL Integers to 32 Bits                                             ; Off                ; Off                ;
; Optimization Technique                                                     ; Balanced           ; Balanced           ;
; Carry Chain Length                                                         ; 70                 ; 70                 ;
; Auto Carry Chains                                                          ; On                 ; On                 ;
; Auto Open-Drain Pins                                                       ; On                 ; On                 ;
; Perform WYSIWYG Primitive Resynthesis                                      ; Off                ; Off                ;
; Auto ROM Replacement                                                       ; On                 ; On                 ;
; Auto RAM Replacement                                                       ; On                 ; On                 ;
; Auto Shift Register Replacement                                            ; Auto               ; Auto               ;
; Allow Shift Register Merging across Hierarchies                            ; Auto               ; Auto               ;
; Auto Clock Enable Replacement                                              ; On                 ; On                 ;
; Strict RAM Replacement                                                     ; Off                ; Off                ;
; Allow Synchronous Control Signals                                          ; On                 ; On                 ;
; Force Use of Synchronous Clear Signals                                     ; Off                ; Off                ;
; Auto RAM to Logic Cell Conversion                                          ; Off                ; Off                ;
; Auto Resource Sharing                                                      ; Off                ; Off                ;
; Allow Any RAM Size For Recognition                                         ; Off                ; Off                ;
; Allow Any ROM Size For Recognition                                         ; Off                ; Off                ;
; Allow Any Shift Register Size For Recognition                              ; Off                ; Off                ;
; Use LogicLock Constraints during Resource Balancing                        ; On                 ; On                 ;
; Ignore translate_off and synthesis_off directives                          ; Off                ; Off                ;
; Timing-Driven Synthesis                                                    ; Off                ; Off                ;
; Report Parameter Settings                                                  ; On                 ; On                 ;
; Report Source Assignments                                                  ; On                 ; On                 ;
; Report Connectivity Checks                                                 ; On                 ; On                 ;
; Ignore Maximum Fan-Out Assignments                                         ; Off                ; Off                ;
; Synchronization Register Chain Length                                      ; 2                  ; 2                  ;
; PowerPlay Power Optimization                                               ; Normal compilation ; Normal compilation ;
; HDL message level                                                          ; Level2             ; Level2             ;
; Suppress Register Optimization Related Messages                            ; Off                ; Off                ;
; Number of Removed Registers Reported in Synthesis Report                   ; 5000               ; 5000               ;
; Number of Swept Nodes Reported in Synthesis Report                         ; 5000               ; 5000               ;
; Number of Inverted Registers Reported in Synthesis Report                  ; 100                ; 100                ;
; Clock MUX Protection                                                       ; On                 ; On                 ;
; Auto Gated Clock Conversion                                                ; Off                ; Off                ;
; Block Design Naming                                                        ; Auto               ; Auto               ;
; SDC constraint protection                                                  ; Off                ; Off                ;
; Synthesis Effort                                                           ; Auto               ; Auto               ;
; Shift Register Replacement - Allow Asynchronous Clear Signal               ; On                 ; On                 ;
; Pre-Mapping Resynthesis Optimization                                       ; Off                ; Off                ;
; Analysis & Synthesis Message Level                                         ; Medium             ; Medium             ;
; Disable Register Merging Across Hierarchies                                ; Auto               ; Auto               ;
; Resource Aware Inference For Block RAM                                     ; On                 ; On                 ;
; Synthesis Seed                                                             ; 1                  ; 1                  ;
+----------------------------------------------------------------------------+--------------------+--------------------+


Parallel compilation was disabled, but you have multiple processors available. Enable parallel compilation to reduce compilation time.
+-------------------------------------+
; Parallel Compilation                ;
+----------------------------+--------+
; Processors                 ; Number ;
+----------------------------+--------+
; Number detected on machine ; 2      ;
; Maximum allowed            ; 1      ;
+----------------------------+--------+


+--------------------------------------------------------------------------------------------------------------------------------------------------------------------------------------------------------------+
; Analysis & Synthesis Source Files Read                                                                                                                                                                       ;
+----------------------------------+-----------------+------------------------------+----------------------------------------------------------------------------------------------------------------+---------+
; File Name with User-Entered Path ; Used in Netlist ; File Type                    ; File Name with Absolute Path                                                                                   ; Library ;
+----------------------------------+-----------------+------------------------------+----------------------------------------------------------------------------------------------------------------+---------+
; relogioFinal.vhd                 ; yes             ; User VHDL File               ; C:/Users/r2440/OneDrive/Documents/Projetos-Quartus/Placa mini-fpga EP2C5144/RelogioFinal/relogioFinal.vhd      ;         ;
; contadorMOD60.vhd                ; yes             ; User VHDL File               ; C:/Users/r2440/OneDrive/Documents/Projetos-Quartus/Placa mini-fpga EP2C5144/RelogioFinal/contadorMOD60.vhd     ;         ;
; contaHora.vhd                    ; yes             ; User VHDL File               ; C:/Users/r2440/OneDrive/Documents/Projetos-Quartus/Placa mini-fpga EP2C5144/RelogioFinal/contaHora.vhd         ;         ;
; decode7seg_rel.vhd               ; yes             ; User VHDL File               ; C:/Users/r2440/OneDrive/Documents/Projetos-Quartus/Placa mini-fpga EP2C5144/RelogioFinal/decode7seg_rel.vhd    ;         ;
; divisorFrequencia.vhd            ; yes             ; User VHDL File               ; C:/Users/r2440/OneDrive/Documents/Projetos-Quartus/Placa mini-fpga EP2C5144/RelogioFinal/divisorFrequencia.vhd ;         ;
; lpm_counter.tdf                  ; yes             ; Megafunction                 ; c:/altera/13.0sp1/quartus/libraries/megafunctions/lpm_counter.tdf                                              ;         ;
; lpm_constant.inc                 ; yes             ; Megafunction                 ; c:/altera/13.0sp1/quartus/libraries/megafunctions/lpm_constant.inc                                             ;         ;
; lpm_decode.inc                   ; yes             ; Megafunction                 ; c:/altera/13.0sp1/quartus/libraries/megafunctions/lpm_decode.inc                                               ;         ;
; lpm_add_sub.inc                  ; yes             ; Megafunction                 ; c:/altera/13.0sp1/quartus/libraries/megafunctions/lpm_add_sub.inc                                              ;         ;
; cmpconst.inc                     ; yes             ; Megafunction                 ; c:/altera/13.0sp1/quartus/libraries/megafunctions/cmpconst.inc                                                 ;         ;
; lpm_compare.inc                  ; yes             ; Megafunction                 ; c:/altera/13.0sp1/quartus/libraries/megafunctions/lpm_compare.inc                                              ;         ;
; lpm_counter.inc                  ; yes             ; Megafunction                 ; c:/altera/13.0sp1/quartus/libraries/megafunctions/lpm_counter.inc                                              ;         ;
; dffeea.inc                       ; yes             ; Megafunction                 ; c:/altera/13.0sp1/quartus/libraries/megafunctions/dffeea.inc                                                   ;         ;
; alt_counter_stratix.inc          ; yes             ; Megafunction                 ; c:/altera/13.0sp1/quartus/libraries/megafunctions/alt_counter_stratix.inc                                      ;         ;
; aglobal130.inc                   ; yes             ; Megafunction                 ; c:/altera/13.0sp1/quartus/libraries/megafunctions/aglobal130.inc                                               ;         ;
; db/cntr_9vj.tdf                  ; yes             ; Auto-Generated Megafunction  ; C:/Users/r2440/OneDrive/Documents/Projetos-Quartus/Placa mini-fpga EP2C5144/RelogioFinal/db/cntr_9vj.tdf       ;         ;
; db/cmpr_9cc.tdf                  ; yes             ; Auto-Generated Megafunction  ; C:/Users/r2440/OneDrive/Documents/Projetos-Quartus/Placa mini-fpga EP2C5144/RelogioFinal/db/cmpr_9cc.tdf       ;         ;
; db/cntr_utj.tdf                  ; yes             ; Auto-Generated Megafunction  ; C:/Users/r2440/OneDrive/Documents/Projetos-Quartus/Placa mini-fpga EP2C5144/RelogioFinal/db/cntr_utj.tdf       ;         ;
; db/cntr_b9k.tdf                  ; yes             ; Auto-Generated Megafunction  ; C:/Users/r2440/OneDrive/Documents/Projetos-Quartus/Placa mini-fpga EP2C5144/RelogioFinal/db/cntr_b9k.tdf       ;         ;
+----------------------------------+-----------------+------------------------------+----------------------------------------------------------------------------------------------------------------+---------+


+-------------------------------------------------------+
; Analysis & Synthesis Resource Usage Summary           ;
+---------------------------------------------+---------+
; Resource                                    ; Usage   ;
+---------------------------------------------+---------+
; Estimated Total logic elements              ; 387     ;
;                                             ;         ;
; Total combinational functions               ; 372     ;
; Logic element usage by number of LUT inputs ;         ;
;     -- 4 input functions                    ; 161     ;
;     -- 3 input functions                    ; 124     ;
;     -- <=2 input functions                  ; 87      ;
;                                             ;         ;
; Logic elements by mode                      ;         ;
;     -- normal mode                          ; 313     ;
;     -- arithmetic mode                      ; 59      ;
;                                             ;         ;
; Total registers                             ; 64      ;
;     -- Dedicated logic registers            ; 64      ;
;     -- I/O registers                        ; 0       ;
;                                             ;         ;
; I/O pins                                    ; 68      ;
; Embedded Multiplier 9-bit elements          ; 0       ;
; Maximum fan-out node                        ; sentido ;
; Maximum fan-out                             ; 48      ;
; Total fan-out                               ; 1432    ;
; Average fan-out                             ; 2.84    ;
+---------------------------------------------+---------+


+------------------------------------------------------------------------------------------------------------------------------------------------------------------------------------------------------------------------------------------------------------------+
; Analysis & Synthesis Resource Utilization by Entity                                                                                                                                                                                                              ;
+-------------------------------------------+-------------------+--------------+-------------+--------------+---------+-----------+------+--------------+-------------------------------------------------------------------------------------------+--------------+
; Compilation Hierarchy Node                ; LC Combinationals ; LC Registers ; Memory Bits ; DSP Elements ; DSP 9x9 ; DSP 18x18 ; Pins ; Virtual Pins ; Full Hierarchy Name                                                                       ; Library Name ;
+-------------------------------------------+-------------------+--------------+-------------+--------------+---------+-----------+------+--------------+-------------------------------------------------------------------------------------------+--------------+
; |relogioFinal                             ; 372 (158)         ; 64 (15)      ; 0           ; 0            ; 0       ; 0         ; 68   ; 0            ; |relogioFinal                                                                             ; work         ;
;    |contaHora:dm_c|                       ; 9 (0)             ; 5 (0)        ; 0           ; 0            ; 0       ; 0         ; 0    ; 0            ; |relogioFinal|contaHora:dm_c                                                              ; work         ;
;       |lpm_counter:LPM_COUNTER_component| ; 9 (0)             ; 5 (0)        ; 0           ; 0            ; 0       ; 0         ; 0    ; 0            ; |relogioFinal|contaHora:dm_c|lpm_counter:LPM_COUNTER_component                            ; work         ;
;          |cntr_b9k:auto_generated|        ; 9 (9)             ; 5 (5)        ; 0           ; 0            ; 0       ; 0         ; 0    ; 0            ; |relogioFinal|contaHora:dm_c|lpm_counter:LPM_COUNTER_component|cntr_b9k:auto_generated    ; work         ;
;    |contaHora:meg_c|                      ; 17 (0)            ; 5 (0)        ; 0           ; 0            ; 0       ; 0         ; 0    ; 0            ; |relogioFinal|contaHora:meg_c                                                             ; work         ;
;       |lpm_counter:LPM_COUNTER_component| ; 17 (0)            ; 5 (0)        ; 0           ; 0            ; 0       ; 0         ; 0    ; 0            ; |relogioFinal|contaHora:meg_c|lpm_counter:LPM_COUNTER_component                           ; work         ;
;          |cntr_b9k:auto_generated|        ; 17 (17)           ; 5 (5)        ; 0           ; 0            ; 0       ; 0         ; 0    ; 0            ; |relogioFinal|contaHora:meg_c|lpm_counter:LPM_COUNTER_component|cntr_b9k:auto_generated   ; work         ;
;    |contadorMOD60:c_c|                    ; 15 (0)            ; 5 (0)        ; 0           ; 0            ; 0       ; 0         ; 0    ; 0            ; |relogioFinal|contadorMOD60:c_c                                                           ; work         ;
;       |lpm_counter:LPM_COUNTER_component| ; 15 (0)            ; 5 (0)        ; 0           ; 0            ; 0       ; 0         ; 0    ; 0            ; |relogioFinal|contadorMOD60:c_c|lpm_counter:LPM_COUNTER_component                         ; work         ;
;          |cntr_9vj:auto_generated|        ; 15 (15)           ; 5 (5)        ; 0           ; 0            ; 0       ; 0         ; 0    ; 0            ; |relogioFinal|contadorMOD60:c_c|lpm_counter:LPM_COUNTER_component|cntr_9vj:auto_generated ; work         ;
;    |contadorMOD60:d_c|                    ; 14 (0)            ; 5 (0)        ; 0           ; 0            ; 0       ; 0         ; 0    ; 0            ; |relogioFinal|contadorMOD60:d_c                                                           ; work         ;
;       |lpm_counter:LPM_COUNTER_component| ; 14 (0)            ; 5 (0)        ; 0           ; 0            ; 0       ; 0         ; 0    ; 0            ; |relogioFinal|contadorMOD60:d_c|lpm_counter:LPM_COUNTER_component                         ; work         ;
;          |cntr_utj:auto_generated|        ; 14 (14)           ; 5 (5)        ; 0           ; 0            ; 0       ; 0         ; 0    ; 0            ; |relogioFinal|contadorMOD60:d_c|lpm_counter:LPM_COUNTER_component|cntr_utj:auto_generated ; work         ;
;    |contadorMOD60:m_c|                    ; 10 (0)            ; 5 (0)        ; 0           ; 0            ; 0       ; 0         ; 0    ; 0            ; |relogioFinal|contadorMOD60:m_c                                                           ; work         ;
;       |lpm_counter:LPM_COUNTER_component| ; 10 (0)            ; 5 (0)        ; 0           ; 0            ; 0       ; 0         ; 0    ; 0            ; |relogioFinal|contadorMOD60:m_c|lpm_counter:LPM_COUNTER_component                         ; work         ;
;          |cntr_utj:auto_generated|        ; 10 (10)           ; 5 (5)        ; 0           ; 0            ; 0       ; 0         ; 0    ; 0            ; |relogioFinal|contadorMOD60:m_c|lpm_counter:LPM_COUNTER_component|cntr_utj:auto_generated ; work         ;
;    |contadorMOD60:u_c|                    ; 15 (0)            ; 5 (0)        ; 0           ; 0            ; 0       ; 0         ; 0    ; 0            ; |relogioFinal|contadorMOD60:u_c                                                           ; work         ;
;       |lpm_counter:LPM_COUNTER_component| ; 15 (0)            ; 5 (0)        ; 0           ; 0            ; 0       ; 0         ; 0    ; 0            ; |relogioFinal|contadorMOD60:u_c|lpm_counter:LPM_COUNTER_component                         ; work         ;
;          |cntr_9vj:auto_generated|        ; 15 (15)           ; 5 (5)        ; 0           ; 0            ; 0       ; 0         ; 0    ; 0            ; |relogioFinal|contadorMOD60:u_c|lpm_counter:LPM_COUNTER_component|cntr_9vj:auto_generated ; work         ;
;    |decode7seg_rel:d_0|                   ; 15 (15)           ; 0 (0)        ; 0           ; 0            ; 0       ; 0         ; 0    ; 0            ; |relogioFinal|decode7seg_rel:d_0                                                          ; work         ;
;    |decode7seg_rel:d_1|                   ; 15 (15)           ; 0 (0)        ; 0           ; 0            ; 0       ; 0         ; 0    ; 0            ; |relogioFinal|decode7seg_rel:d_1                                                          ; work         ;
;    |decode7seg_rel:d_2|                   ; 15 (15)           ; 0 (0)        ; 0           ; 0            ; 0       ; 0         ; 0    ; 0            ; |relogioFinal|decode7seg_rel:d_2                                                          ; work         ;
;    |decode7seg_rel:d_3|                   ; 15 (15)           ; 0 (0)        ; 0           ; 0            ; 0       ; 0         ; 0    ; 0            ; |relogioFinal|decode7seg_rel:d_3                                                          ; work         ;
;    |decode7seg_rel:d_4|                   ; 15 (15)           ; 0 (0)        ; 0           ; 0            ; 0       ; 0         ; 0    ; 0            ; |relogioFinal|decode7seg_rel:d_4                                                          ; work         ;
;    |decode7seg_rel:d_5|                   ; 5 (5)             ; 0 (0)        ; 0           ; 0            ; 0       ; 0         ; 0    ; 0            ; |relogioFinal|decode7seg_rel:d_5                                                          ; work         ;
;    |divisorFrequencia:div_f0|             ; 54 (54)           ; 19 (19)      ; 0           ; 0            ; 0       ; 0         ; 0    ; 0            ; |relogioFinal|divisorFrequencia:div_f0                                                    ; work         ;
+-------------------------------------------+-------------------+--------------+-------------+--------------+---------+-----------+------+--------------+-------------------------------------------------------------------------------------------+--------------+
Note: For table entries with two numbers listed, the numbers in parentheses indicate the number of resources of the given type used by the specific entity alone. The numbers listed outside of parentheses indicate the total resources of the given type used by the specific entity and all of its sub-entities in the hierarchy.


+----------------------------------------------------------------------------------------------------+
; User-Specified and Inferred Latches                                                                ;
+-----------------------------------------------------+---------------------+------------------------+
; Latch Name                                          ; Latch Enable Signal ; Free of Timing Hazards ;
+-----------------------------------------------------+---------------------+------------------------+
; count2[2]                                           ; count2[0]           ; yes                    ;
; count2[3]                                           ; count2[0]           ; yes                    ;
; count2[0]                                           ; count2[0]           ; yes                    ;
; count2[1]                                           ; count2[0]           ; yes                    ;
; count[8]                                            ; count[0]            ; yes                    ;
; count[7]                                            ; count[0]            ; yes                    ;
; count[6]                                            ; count[0]            ; yes                    ;
; count[5]                                            ; count[0]            ; yes                    ;
; count[4]                                            ; count[0]            ; yes                    ;
; count[3]                                            ; count[0]            ; yes                    ;
; count[2]                                            ; count[0]            ; yes                    ;
; count[1]                                            ; count[0]            ; yes                    ;
; count[0]                                            ; count[0]            ; yes                    ;
; flag1                                               ; flag[3]             ; yes                    ;
; dado_contador_dm[4]                                 ; habilita_paralelo   ; yes                    ;
; dado_contador_dm[3]                                 ; habilita_paralelo   ; yes                    ;
; dado_contador_dm[2]                                 ; habilita_paralelo   ; yes                    ;
; dado_contador_dm[1]                                 ; habilita_paralelo   ; yes                    ;
; dado_contador_dm[0]                                 ; habilita_paralelo   ; yes                    ;
; dado_contador_c[0]                                  ; habilita_paralelo   ; yes                    ;
; dado_contador_c[1]                                  ; habilita_paralelo   ; yes                    ;
; dado_contador_c[2]                                  ; habilita_paralelo   ; yes                    ;
; dado_contador_c[3]                                  ; habilita_paralelo   ; yes                    ;
; dado_contador_m[0]                                  ; habilita_paralelo   ; yes                    ;
; dado_contador_m[1]                                  ; habilita_paralelo   ; yes                    ;
; dado_contador_m[2]                                  ; habilita_paralelo   ; yes                    ;
; dado_contador_u[0]                                  ; habilita_paralelo   ; yes                    ;
; dado_contador_u[1]                                  ; habilita_paralelo   ; yes                    ;
; dado_contador_u[2]                                  ; habilita_paralelo   ; yes                    ;
; dado_contador_u[3]                                  ; habilita_paralelo   ; yes                    ;
; dado_contador_d[0]                                  ; habilita_paralelo   ; yes                    ;
; dado_contador_d[1]                                  ; habilita_paralelo   ; yes                    ;
; dado_contador_d[2]                                  ; habilita_paralelo   ; yes                    ;
; dado_paralelo_dm[4]                                 ; Mux1                ; yes                    ;
; dado_paralelo_dm[3]                                 ; Mux1                ; yes                    ;
; dado_paralelo_dm[2]                                 ; Mux1                ; yes                    ;
; dado_paralelo_dm[1]                                 ; Mux1                ; yes                    ;
; dado_paralelo_dm[0]                                 ; Mux1                ; yes                    ;
; dado_paralelo_c[0]                                  ; Mux13               ; yes                    ;
; dado_paralelo_c[4]                                  ; Mux13               ; yes                    ;
; dado_paralelo_c[3]                                  ; Mux13               ; yes                    ;
; dado_paralelo_c[1]                                  ; Mux13               ; yes                    ;
; dado_paralelo_c[2]                                  ; Mux13               ; yes                    ;
; dado_paralelo_m[0]                                  ; Mux7                ; yes                    ;
; dado_paralelo_m[3]                                  ; Mux7                ; yes                    ;
; dado_paralelo_m[4]                                  ; Mux7                ; yes                    ;
; dado_paralelo_m[1]                                  ; Mux7                ; yes                    ;
; dado_paralelo_m[2]                                  ; Mux7                ; yes                    ;
; dado_paralelo_u[0]                                  ; Mux25               ; yes                    ;
; dado_paralelo_u[4]                                  ; Mux25               ; yes                    ;
; dado_paralelo_u[3]                                  ; Mux25               ; yes                    ;
; dado_paralelo_u[1]                                  ; Mux25               ; yes                    ;
; dado_paralelo_u[2]                                  ; Mux25               ; yes                    ;
; dado_paralelo_d[0]                                  ; Mux19               ; yes                    ;
; dado_paralelo_d[3]                                  ; Mux19               ; yes                    ;
; dado_paralelo_d[4]                                  ; Mux19               ; yes                    ;
; dado_paralelo_d[1]                                  ; Mux19               ; yes                    ;
; dado_paralelo_d[2]                                  ; Mux19               ; yes                    ;
; Number of user-specified and inferred latches = 58  ;                     ;                        ;
+-----------------------------------------------------+---------------------+------------------------+
Note: All latches listed above may not be present at the end of synthesis due to various synthesis optimizations.


+------------------------------------------------------+
; General Register Statistics                          ;
+----------------------------------------------+-------+
; Statistic                                    ; Value ;
+----------------------------------------------+-------+
; Total registers                              ; 64    ;
; Number of registers using Synchronous Clear  ; 0     ;
; Number of registers using Synchronous Load   ; 30    ;
; Number of registers using Asynchronous Clear ; 0     ;
; Number of registers using Asynchronous Load  ; 0     ;
; Number of registers using Clock Enable       ; 23    ;
; Number of registers using Preset             ; 0     ;
+----------------------------------------------+-------+


+-------------------------------------------------------------------------------------------------------------------------------------------------------------------+
; Multiplexer Restructuring Statistics (Restructuring Performed)                                                                                                    ;
+--------------------+-----------+---------------+----------------------+------------------------+------------+-----------------------------------------------------+
; Multiplexer Inputs ; Bus Width ; Baseline Area ; Area if Restructured ; Saving if Restructured ; Registered ; Example Multiplexer Output                          ;
+--------------------+-----------+---------------+----------------------+------------------------+------------+-----------------------------------------------------+
; 4:1                ; 18 bits   ; 36 LEs        ; 18 LEs               ; 18 LEs                 ; Yes        ; |relogioFinal|divisorFrequencia:div_f0|aContagem[1] ;
; 4:1                ; 9 bits    ; 18 LEs        ; 18 LEs               ; 0 LEs                  ; No         ; |relogioFinal|count                                 ;
; 1:1                ; 5 bits    ; 0 LEs         ; 0 LEs                ; 0 LEs                  ; No         ; |relogioFinal|Mux29                                 ;
+--------------------+-----------+---------------+----------------------+------------------------+------------+-----------------------------------------------------+


+------------------------------------------------------------------------------+
; Parameter Settings for User Entity Instance: Top-level Entity: |relogioFinal ;
+----------------+--------+----------------------------------------------------+
; Parameter Name ; Value  ; Type                                               ;
+----------------+--------+----------------------------------------------------+
; frequencia     ; 250000 ; Signed Integer                                     ;
; n              ; 6      ; Signed Integer                                     ;
+----------------+--------+----------------------------------------------------+
Note: In order to hide this table in the UI and the text report file, please set the "Show Parameter Settings in Synthesis Report" option in "Analysis and Synthesis Settings -> More Settings" to "Off".


+-----------------------------------------------------------------------+
; Parameter Settings for User Entity Instance: divisorFrequencia:div_f0 ;
+----------------+--------+---------------------------------------------+
; Parameter Name ; Value  ; Type                                        ;
+----------------+--------+---------------------------------------------+
; frequencia_osc ; 250000 ; Signed Integer                              ;
+----------------+--------+---------------------------------------------+
Note: In order to hide this table in the UI and the text report file, please set the "Show Parameter Settings in Synthesis Report" option in "Analysis and Synthesis Settings -> More Settings" to "Off".


+----------------------------------------------------------------+
; Parameter Settings for User Entity Instance: contadorMOD60:u_c ;
+----------------+-------+---------------------------------------+
; Parameter Name ; Value ; Type                                  ;
+----------------+-------+---------------------------------------+
; modulo         ; 10    ; Signed Integer                        ;
; tam_bus        ; 5     ; Signed Integer                        ;
+----------------+-------+---------------------------------------+
Note: In order to hide this table in the UI and the text report file, please set the "Show Parameter Settings in Synthesis Report" option in "Analysis and Synthesis Settings -> More Settings" to "Off".


+--------------------------------------------------------------------------------------------------+
; Parameter Settings for User Entity Instance: contadorMOD60:u_c|lpm_counter:LPM_COUNTER_component ;
+------------------------+------------+------------------------------------------------------------+
; Parameter Name         ; Value      ; Type                                                       ;
+------------------------+------------+------------------------------------------------------------+
; AUTO_CARRY_CHAINS      ; ON         ; AUTO_CARRY                                                 ;
; IGNORE_CARRY_BUFFERS   ; OFF        ; IGNORE_CARRY                                               ;
; AUTO_CASCADE_CHAINS    ; ON         ; AUTO_CASCADE                                               ;
; IGNORE_CASCADE_BUFFERS ; OFF        ; IGNORE_CASCADE                                             ;
; LPM_WIDTH              ; 5          ; Signed Integer                                             ;
; LPM_DIRECTION          ; DEFAULT    ; Untyped                                                    ;
; LPM_MODULUS            ; 10         ; Signed Integer                                             ;
; LPM_AVALUE             ; UNUSED     ; Untyped                                                    ;
; LPM_SVALUE             ; UNUSED     ; Untyped                                                    ;
; LPM_PORT_UPDOWN        ; PORT_USED  ; Untyped                                                    ;
; DEVICE_FAMILY          ; Cyclone II ; Untyped                                                    ;
; CARRY_CHAIN            ; MANUAL     ; Untyped                                                    ;
; CARRY_CHAIN_LENGTH     ; 48         ; CARRY_CHAIN_LENGTH                                         ;
; NOT_GATE_PUSH_BACK     ; ON         ; NOT_GATE_PUSH_BACK                                         ;
; CARRY_CNT_EN           ; SMART      ; Untyped                                                    ;
; LABWIDE_SCLR           ; ON         ; Untyped                                                    ;
; USE_NEW_VERSION        ; TRUE       ; Untyped                                                    ;
; CBXI_PARAMETER         ; cntr_9vj   ; Untyped                                                    ;
+------------------------+------------+------------------------------------------------------------+
Note: In order to hide this table in the UI and the text report file, please set the "Show Parameter Settings in Synthesis Report" option in "Analysis and Synthesis Settings -> More Settings" to "Off".


+----------------------------------------------------------------+
; Parameter Settings for User Entity Instance: contadorMOD60:d_c ;
+----------------+-------+---------------------------------------+
; Parameter Name ; Value ; Type                                  ;
+----------------+-------+---------------------------------------+
; modulo         ; 6     ; Signed Integer                        ;
; tam_bus        ; 5     ; Signed Integer                        ;
+----------------+-------+---------------------------------------+
Note: In order to hide this table in the UI and the text report file, please set the "Show Parameter Settings in Synthesis Report" option in "Analysis and Synthesis Settings -> More Settings" to "Off".


+--------------------------------------------------------------------------------------------------+
; Parameter Settings for User Entity Instance: contadorMOD60:d_c|lpm_counter:LPM_COUNTER_component ;
+------------------------+------------+------------------------------------------------------------+
; Parameter Name         ; Value      ; Type                                                       ;
+------------------------+------------+------------------------------------------------------------+
; AUTO_CARRY_CHAINS      ; ON         ; AUTO_CARRY                                                 ;
; IGNORE_CARRY_BUFFERS   ; OFF        ; IGNORE_CARRY                                               ;
; AUTO_CASCADE_CHAINS    ; ON         ; AUTO_CASCADE                                               ;
; IGNORE_CASCADE_BUFFERS ; OFF        ; IGNORE_CASCADE                                             ;
; LPM_WIDTH              ; 5          ; Signed Integer                                             ;
; LPM_DIRECTION          ; DEFAULT    ; Untyped                                                    ;
; LPM_MODULUS            ; 6          ; Signed Integer                                             ;
; LPM_AVALUE             ; UNUSED     ; Untyped                                                    ;
; LPM_SVALUE             ; UNUSED     ; Untyped                                                    ;
; LPM_PORT_UPDOWN        ; PORT_USED  ; Untyped                                                    ;
; DEVICE_FAMILY          ; Cyclone II ; Untyped                                                    ;
; CARRY_CHAIN            ; MANUAL     ; Untyped                                                    ;
; CARRY_CHAIN_LENGTH     ; 48         ; CARRY_CHAIN_LENGTH                                         ;
; NOT_GATE_PUSH_BACK     ; ON         ; NOT_GATE_PUSH_BACK                                         ;
; CARRY_CNT_EN           ; SMART      ; Untyped                                                    ;
; LABWIDE_SCLR           ; ON         ; Untyped                                                    ;
; USE_NEW_VERSION        ; TRUE       ; Untyped                                                    ;
; CBXI_PARAMETER         ; cntr_utj   ; Untyped                                                    ;
+------------------------+------------+------------------------------------------------------------+
Note: In order to hide this table in the UI and the text report file, please set the "Show Parameter Settings in Synthesis Report" option in "Analysis and Synthesis Settings -> More Settings" to "Off".


+----------------------------------------------------------------+
; Parameter Settings for User Entity Instance: contadorMOD60:c_c ;
+----------------+-------+---------------------------------------+
; Parameter Name ; Value ; Type                                  ;
+----------------+-------+---------------------------------------+
; modulo         ; 10    ; Signed Integer                        ;
; tam_bus        ; 5     ; Signed Integer                        ;
+----------------+-------+---------------------------------------+
Note: In order to hide this table in the UI and the text report file, please set the "Show Parameter Settings in Synthesis Report" option in "Analysis and Synthesis Settings -> More Settings" to "Off".


+--------------------------------------------------------------------------------------------------+
; Parameter Settings for User Entity Instance: contadorMOD60:c_c|lpm_counter:LPM_COUNTER_component ;
+------------------------+------------+------------------------------------------------------------+
; Parameter Name         ; Value      ; Type                                                       ;
+------------------------+------------+------------------------------------------------------------+
; AUTO_CARRY_CHAINS      ; ON         ; AUTO_CARRY                                                 ;
; IGNORE_CARRY_BUFFERS   ; OFF        ; IGNORE_CARRY                                               ;
; AUTO_CASCADE_CHAINS    ; ON         ; AUTO_CASCADE                                               ;
; IGNORE_CASCADE_BUFFERS ; OFF        ; IGNORE_CASCADE                                             ;
; LPM_WIDTH              ; 5          ; Signed Integer                                             ;
; LPM_DIRECTION          ; DEFAULT    ; Untyped                                                    ;
; LPM_MODULUS            ; 10         ; Signed Integer                                             ;
; LPM_AVALUE             ; UNUSED     ; Untyped                                                    ;
; LPM_SVALUE             ; UNUSED     ; Untyped                                                    ;
; LPM_PORT_UPDOWN        ; PORT_USED  ; Untyped                                                    ;
; DEVICE_FAMILY          ; Cyclone II ; Untyped                                                    ;
; CARRY_CHAIN            ; MANUAL     ; Untyped                                                    ;
; CARRY_CHAIN_LENGTH     ; 48         ; CARRY_CHAIN_LENGTH                                         ;
; NOT_GATE_PUSH_BACK     ; ON         ; NOT_GATE_PUSH_BACK                                         ;
; CARRY_CNT_EN           ; SMART      ; Untyped                                                    ;
; LABWIDE_SCLR           ; ON         ; Untyped                                                    ;
; USE_NEW_VERSION        ; TRUE       ; Untyped                                                    ;
; CBXI_PARAMETER         ; cntr_9vj   ; Untyped                                                    ;
+------------------------+------------+------------------------------------------------------------+
Note: In order to hide this table in the UI and the text report file, please set the "Show Parameter Settings in Synthesis Report" option in "Analysis and Synthesis Settings -> More Settings" to "Off".


+----------------------------------------------------------------+
; Parameter Settings for User Entity Instance: contadorMOD60:m_c ;
+----------------+-------+---------------------------------------+
; Parameter Name ; Value ; Type                                  ;
+----------------+-------+---------------------------------------+
; modulo         ; 6     ; Signed Integer                        ;
; tam_bus        ; 5     ; Signed Integer                        ;
+----------------+-------+---------------------------------------+
Note: In order to hide this table in the UI and the text report file, please set the "Show Parameter Settings in Synthesis Report" option in "Analysis and Synthesis Settings -> More Settings" to "Off".


+--------------------------------------------------------------------------------------------------+
; Parameter Settings for User Entity Instance: contadorMOD60:m_c|lpm_counter:LPM_COUNTER_component ;
+------------------------+------------+------------------------------------------------------------+
; Parameter Name         ; Value      ; Type                                                       ;
+------------------------+------------+------------------------------------------------------------+
; AUTO_CARRY_CHAINS      ; ON         ; AUTO_CARRY                                                 ;
; IGNORE_CARRY_BUFFERS   ; OFF        ; IGNORE_CARRY                                               ;
; AUTO_CASCADE_CHAINS    ; ON         ; AUTO_CASCADE                                               ;
; IGNORE_CASCADE_BUFFERS ; OFF        ; IGNORE_CASCADE                                             ;
; LPM_WIDTH              ; 5          ; Signed Integer                                             ;
; LPM_DIRECTION          ; DEFAULT    ; Untyped                                                    ;
; LPM_MODULUS            ; 6          ; Signed Integer                                             ;
; LPM_AVALUE             ; UNUSED     ; Untyped                                                    ;
; LPM_SVALUE             ; UNUSED     ; Untyped                                                    ;
; LPM_PORT_UPDOWN        ; PORT_USED  ; Untyped                                                    ;
; DEVICE_FAMILY          ; Cyclone II ; Untyped                                                    ;
; CARRY_CHAIN            ; MANUAL     ; Untyped                                                    ;
; CARRY_CHAIN_LENGTH     ; 48         ; CARRY_CHAIN_LENGTH                                         ;
; NOT_GATE_PUSH_BACK     ; ON         ; NOT_GATE_PUSH_BACK                                         ;
; CARRY_CNT_EN           ; SMART      ; Untyped                                                    ;
; LABWIDE_SCLR           ; ON         ; Untyped                                                    ;
; USE_NEW_VERSION        ; TRUE       ; Untyped                                                    ;
; CBXI_PARAMETER         ; cntr_utj   ; Untyped                                                    ;
+------------------------+------------+------------------------------------------------------------+
Note: In order to hide this table in the UI and the text report file, please set the "Show Parameter Settings in Synthesis Report" option in "Analysis and Synthesis Settings -> More Settings" to "Off".


+-----------------------------------------------------------------------------------------------+
; Parameter Settings for User Entity Instance: contaHora:dm_c|lpm_counter:LPM_COUNTER_component ;
+------------------------+------------+---------------------------------------------------------+
; Parameter Name         ; Value      ; Type                                                    ;
+------------------------+------------+---------------------------------------------------------+
; AUTO_CARRY_CHAINS      ; ON         ; AUTO_CARRY                                              ;
; IGNORE_CARRY_BUFFERS   ; OFF        ; IGNORE_CARRY                                            ;
; AUTO_CASCADE_CHAINS    ; ON         ; AUTO_CASCADE                                            ;
; IGNORE_CASCADE_BUFFERS ; OFF        ; IGNORE_CASCADE                                          ;
; LPM_WIDTH              ; 5          ; Signed Integer                                          ;
; LPM_DIRECTION          ; DEFAULT    ; Untyped                                                 ;
; LPM_MODULUS            ; 24         ; Signed Integer                                          ;
; LPM_AVALUE             ; UNUSED     ; Untyped                                                 ;
; LPM_SVALUE             ; UNUSED     ; Untyped                                                 ;
; LPM_PORT_UPDOWN        ; PORT_USED  ; Untyped                                                 ;
; DEVICE_FAMILY          ; Cyclone II ; Untyped                                                 ;
; CARRY_CHAIN            ; MANUAL     ; Untyped                                                 ;
; CARRY_CHAIN_LENGTH     ; 48         ; CARRY_CHAIN_LENGTH                                      ;
; NOT_GATE_PUSH_BACK     ; ON         ; NOT_GATE_PUSH_BACK                                      ;
; CARRY_CNT_EN           ; SMART      ; Untyped                                                 ;
; LABWIDE_SCLR           ; ON         ; Untyped                                                 ;
; USE_NEW_VERSION        ; TRUE       ; Untyped                                                 ;
; CBXI_PARAMETER         ; cntr_b9k   ; Untyped                                                 ;
+------------------------+------------+---------------------------------------------------------+
Note: In order to hide this table in the UI and the text report file, please set the "Show Parameter Settings in Synthesis Report" option in "Analysis and Synthesis Settings -> More Settings" to "Off".


+------------------------------------------------------------------------------------------------+
; Parameter Settings for User Entity Instance: contaHora:meg_c|lpm_counter:LPM_COUNTER_component ;
+------------------------+------------+----------------------------------------------------------+
; Parameter Name         ; Value      ; Type                                                     ;
+------------------------+------------+----------------------------------------------------------+
; AUTO_CARRY_CHAINS      ; ON         ; AUTO_CARRY                                               ;
; IGNORE_CARRY_BUFFERS   ; OFF        ; IGNORE_CARRY                                             ;
; AUTO_CASCADE_CHAINS    ; ON         ; AUTO_CASCADE                                             ;
; IGNORE_CASCADE_BUFFERS ; OFF        ; IGNORE_CASCADE                                           ;
; LPM_WIDTH              ; 5          ; Signed Integer                                           ;
; LPM_DIRECTION          ; DEFAULT    ; Untyped                                                  ;
; LPM_MODULUS            ; 24         ; Signed Integer                                           ;
; LPM_AVALUE             ; UNUSED     ; Untyped                                                  ;
; LPM_SVALUE             ; UNUSED     ; Untyped                                                  ;
; LPM_PORT_UPDOWN        ; PORT_USED  ; Untyped                                                  ;
; DEVICE_FAMILY          ; Cyclone II ; Untyped                                                  ;
; CARRY_CHAIN            ; MANUAL     ; Untyped                                                  ;
; CARRY_CHAIN_LENGTH     ; 48         ; CARRY_CHAIN_LENGTH                                       ;
; NOT_GATE_PUSH_BACK     ; ON         ; NOT_GATE_PUSH_BACK                                       ;
; CARRY_CNT_EN           ; SMART      ; Untyped                                                  ;
; LABWIDE_SCLR           ; ON         ; Untyped                                                  ;
; USE_NEW_VERSION        ; TRUE       ; Untyped                                                  ;
; CBXI_PARAMETER         ; cntr_b9k   ; Untyped                                                  ;
+------------------------+------------+----------------------------------------------------------+
Note: In order to hide this table in the UI and the text report file, please set the "Show Parameter Settings in Synthesis Report" option in "Analysis and Synthesis Settings -> More Settings" to "Off".


+----------------------------------------------------------------------------------------------------------------+
; Port Connectivity Checks: "contaHora:dm_c"                                                                     ;
+------+--------+----------+-------------------------------------------------------------------------------------+
; Port ; Type   ; Severity ; Details                                                                             ;
+------+--------+----------+-------------------------------------------------------------------------------------+
; cout ; Output ; Info     ; Connected to dangling logic. Logic that only feeds a dangling port will be removed. ;
+------+--------+----------+-------------------------------------------------------------------------------------+


+------------------------------------------------+
; Port Connectivity Checks: "decode7seg_rel:d_5" ;
+------------+-------+----------+----------------+
; Port       ; Type  ; Severity ; Details        ;
+------------+-------+----------+----------------+
; seletor[1] ; Input ; Info     ; Stuck at VCC   ;
; seletor[0] ; Input ; Info     ; Stuck at GND   ;
+------------+-------+----------+----------------+


+------------------------------------------------+
; Port Connectivity Checks: "decode7seg_rel:d_4" ;
+------------+-------+----------+----------------+
; Port       ; Type  ; Severity ; Details        ;
+------------+-------+----------+----------------+
; seletor[1] ; Input ; Info     ; Stuck at GND   ;
; seletor[0] ; Input ; Info     ; Stuck at VCC   ;
+------------+-------+----------+----------------+


+------------------------------------------------+
; Port Connectivity Checks: "decode7seg_rel:d_3" ;
+------------+-------+----------+----------------+
; Port       ; Type  ; Severity ; Details        ;
+------------+-------+----------+----------------+
; seletor[1] ; Input ; Info     ; Stuck at GND   ;
; seletor[0] ; Input ; Info     ; Stuck at VCC   ;
+------------+-------+----------+----------------+


+------------------------------------------------+
; Port Connectivity Checks: "decode7seg_rel:d_2" ;
+------------+-------+----------+----------------+
; Port       ; Type  ; Severity ; Details        ;
+------------+-------+----------+----------------+
; seletor[1] ; Input ; Info     ; Stuck at GND   ;
; seletor[0] ; Input ; Info     ; Stuck at VCC   ;
+------------+-------+----------+----------------+


+------------------------------------------------+
; Port Connectivity Checks: "decode7seg_rel:d_1" ;
+------------+-------+----------+----------------+
; Port       ; Type  ; Severity ; Details        ;
+------------+-------+----------+----------------+
; seletor[1] ; Input ; Info     ; Stuck at GND   ;
; seletor[0] ; Input ; Info     ; Stuck at VCC   ;
+------------+-------+----------+----------------+


+------------------------------------------------+
; Port Connectivity Checks: "decode7seg_rel:d_0" ;
+------------+-------+----------+----------------+
; Port       ; Type  ; Severity ; Details        ;
+------------+-------+----------+----------------+
; seletor[1] ; Input ; Info     ; Stuck at GND   ;
; seletor[0] ; Input ; Info     ; Stuck at VCC   ;
+------------+-------+----------+----------------+


+-------------------------------+
; Elapsed Time Per Partition    ;
+----------------+--------------+
; Partition Name ; Elapsed Time ;
+----------------+--------------+
; Top            ; 00:00:01     ;
+----------------+--------------+


+-------------------------------+
; Analysis & Synthesis Messages ;
+-------------------------------+
Info: *******************************************************************
Info: Running Quartus II 64-Bit Analysis & Synthesis
    Info: Version 13.0.1 Build 232 06/12/2013 Service Pack 1 SJ Web Edition
    Info: Processing started: Mon Dec 14 19:59:43 2020
Info: Command: quartus_map --read_settings_files=on --write_settings_files=off relogioFinal -c relogioFinal
Warning (20028): Parallel compilation is not licensed and has been disabled
Info (12021): Found 2 design units, including 1 entities, in source file relogiofinal.vhd
    Info (12022): Found design unit 1: relogioFinal-teste_relogioFinal
    Info (12023): Found entity 1: relogioFinal
Info (12021): Found 2 design units, including 1 entities, in source file contadormod60.vhd
    Info (12022): Found design unit 1: contadorMOD60-SYN
    Info (12023): Found entity 1: contadorMOD60
Info (12021): Found 2 design units, including 1 entities, in source file contahora.vhd
    Info (12022): Found design unit 1: contaHora-SYN
    Info (12023): Found entity 1: contaHora
Info (12021): Found 2 design units, including 1 entities, in source file decode7seg_rel.vhd
    Info (12022): Found design unit 1: decode7seg_rel-teste_decode7seg_rel
    Info (12023): Found entity 1: decode7seg_rel
Info (12021): Found 2 design units, including 1 entities, in source file divisorfrequencia.vhd
    Info (12022): Found design unit 1: divisorFrequencia-teste_divisorFrequencia
    Info (12023): Found entity 1: divisorFrequencia
Info (12127): Elaborating entity "relogioFinal" for the top level hierarchy
Warning (10541): VHDL Signal Declaration warning at relogioFinal.vhd(22): used implicit default value for signal "pisca_placa" because signal was never assigned a value or an explicit default value. Use of implicit default value may introduce unintended design optimizations.
Warning (10036): Verilog HDL or VHDL warning at relogioFinal.vhd(92): object "ot_mux" assigned a value but never read
Warning (10492): VHDL Process Statement warning at relogioFinal.vhd(106): signal "sel_mux" is read inside the Process Statement but isn't in the Process Statement's sensitivity list
Warning (10492): VHDL Process Statement warning at relogioFinal.vhd(107): signal "dado_paralelo" is read inside the Process Statement but isn't in the Process Statement's sensitivity list
Warning (10492): VHDL Process Statement warning at relogioFinal.vhd(112): signal "dado_paralelo" is read inside the Process Statement but isn't in the Process Statement's sensitivity list
Warning (10492): VHDL Process Statement warning at relogioFinal.vhd(113): signal "dado_paralelo" is read inside the Process Statement but isn't in the Process Statement's sensitivity list
Warning (10492): VHDL Process Statement warning at relogioFinal.vhd(114): signal "dado_paralelo" is read inside the Process Statement but isn't in the Process Statement's sensitivity list
Warning (10492): VHDL Process Statement warning at relogioFinal.vhd(115): signal "dado_paralelo" is read inside the Process Statement but isn't in the Process Statement's sensitivity list
Warning (10492): VHDL Process Statement warning at relogioFinal.vhd(120): signal "dado_paralelo_u" is read inside the Process Statement but isn't in the Process Statement's sensitivity list
Warning (10492): VHDL Process Statement warning at relogioFinal.vhd(121): signal "dado_paralelo_u" is read inside the Process Statement but isn't in the Process Statement's sensitivity list
Warning (10492): VHDL Process Statement warning at relogioFinal.vhd(122): signal "dado_paralelo_d" is read inside the Process Statement but isn't in the Process Statement's sensitivity list
Warning (10492): VHDL Process Statement warning at relogioFinal.vhd(123): signal "dado_paralelo_d" is read inside the Process Statement but isn't in the Process Statement's sensitivity list
Warning (10492): VHDL Process Statement warning at relogioFinal.vhd(124): signal "dado_paralelo_c" is read inside the Process Statement but isn't in the Process Statement's sensitivity list
Warning (10492): VHDL Process Statement warning at relogioFinal.vhd(125): signal "dado_paralelo_c" is read inside the Process Statement but isn't in the Process Statement's sensitivity list
Warning (10492): VHDL Process Statement warning at relogioFinal.vhd(126): signal "dado_paralelo_m" is read inside the Process Statement but isn't in the Process Statement's sensitivity list
Warning (10492): VHDL Process Statement warning at relogioFinal.vhd(127): signal "dado_paralelo_m" is read inside the Process Statement but isn't in the Process Statement's sensitivity list
Warning (10492): VHDL Process Statement warning at relogioFinal.vhd(128): signal "dado_paralelo_dm" is read inside the Process Statement but isn't in the Process Statement's sensitivity list
Warning (10492): VHDL Process Statement warning at relogioFinal.vhd(129): signal "dado_paralelo_dm" is read inside the Process Statement but isn't in the Process Statement's sensitivity list
Warning (10631): VHDL Process Statement warning at relogioFinal.vhd(104): inferring latch(es) for signal or variable "dado_paralelo_u", which holds its previous value in one or more paths through the process
Warning (10631): VHDL Process Statement warning at relogioFinal.vhd(104): inferring latch(es) for signal or variable "dado_paralelo_d", which holds its previous value in one or more paths through the process
Warning (10631): VHDL Process Statement warning at relogioFinal.vhd(104): inferring latch(es) for signal or variable "dado_paralelo_c", which holds its previous value in one or more paths through the process
Warning (10631): VHDL Process Statement warning at relogioFinal.vhd(104): inferring latch(es) for signal or variable "dado_paralelo_m", which holds its previous value in one or more paths through the process
Warning (10631): VHDL Process Statement warning at relogioFinal.vhd(104): inferring latch(es) for signal or variable "dado_paralelo_dm", which holds its previous value in one or more paths through the process
Warning (10631): VHDL Process Statement warning at relogioFinal.vhd(104): inferring latch(es) for signal or variable "dado_contador_u", which holds its previous value in one or more paths through the process
Warning (10631): VHDL Process Statement warning at relogioFinal.vhd(104): inferring latch(es) for signal or variable "dado_contador_d", which holds its previous value in one or more paths through the process
Warning (10631): VHDL Process Statement warning at relogioFinal.vhd(104): inferring latch(es) for signal or variable "dado_contador_c", which holds its previous value in one or more paths through the process
Warning (10631): VHDL Process Statement warning at relogioFinal.vhd(104): inferring latch(es) for signal or variable "dado_contador_m", which holds its previous value in one or more paths through the process
Warning (10631): VHDL Process Statement warning at relogioFinal.vhd(104): inferring latch(es) for signal or variable "dado_contador_dm", which holds its previous value in one or more paths through the process
Warning (10631): VHDL Process Statement warning at relogioFinal.vhd(223): inferring latch(es) for signal or variable "count", which holds its previous value in one or more paths through the process
Warning (10631): VHDL Process Statement warning at relogioFinal.vhd(223): inferring latch(es) for signal or variable "count2", which holds its previous value in one or more paths through the process
Warning (10631): VHDL Process Statement warning at relogioFinal.vhd(223): inferring latch(es) for signal or variable "flag1", which holds its previous value in one or more paths through the process
Warning (10873): Using initial value X (don't care) for net "led[4..7]" at relogioFinal.vhd(23)
Info (10041): Inferred latch for "flag1" at relogioFinal.vhd(257)
Info (10041): Inferred latch for "count[0]" at relogioFinal.vhd(253)
Info (10041): Inferred latch for "count[1]" at relogioFinal.vhd(253)
Info (10041): Inferred latch for "count[2]" at relogioFinal.vhd(253)
Info (10041): Inferred latch for "count[3]" at relogioFinal.vhd(253)
Info (10041): Inferred latch for "count[4]" at relogioFinal.vhd(253)
Info (10041): Inferred latch for "count[5]" at relogioFinal.vhd(253)
Info (10041): Inferred latch for "count[6]" at relogioFinal.vhd(253)
Info (10041): Inferred latch for "count[7]" at relogioFinal.vhd(253)
Info (10041): Inferred latch for "count[8]" at relogioFinal.vhd(253)
Info (10041): Inferred latch for "count2[0]" at relogioFinal.vhd(253)
Info (10041): Inferred latch for "count2[1]" at relogioFinal.vhd(253)
Info (10041): Inferred latch for "count2[2]" at relogioFinal.vhd(253)
Info (10041): Inferred latch for "count2[3]" at relogioFinal.vhd(253)
Info (10041): Inferred latch for "dado_contador_dm[0]" at relogioFinal.vhd(104)
Info (10041): Inferred latch for "dado_contador_dm[1]" at relogioFinal.vhd(104)
Info (10041): Inferred latch for "dado_contador_dm[2]" at relogioFinal.vhd(104)
Info (10041): Inferred latch for "dado_contador_dm[3]" at relogioFinal.vhd(104)
Info (10041): Inferred latch for "dado_contador_dm[4]" at relogioFinal.vhd(104)
Info (10041): Inferred latch for "dado_contador_m[0]" at relogioFinal.vhd(104)
Info (10041): Inferred latch for "dado_contador_m[1]" at relogioFinal.vhd(104)
Info (10041): Inferred latch for "dado_contador_m[2]" at relogioFinal.vhd(104)
Info (10041): Inferred latch for "dado_contador_m[3]" at relogioFinal.vhd(104)
Info (10041): Inferred latch for "dado_contador_m[4]" at relogioFinal.vhd(104)
Info (10041): Inferred latch for "dado_contador_c[0]" at relogioFinal.vhd(104)
Info (10041): Inferred latch for "dado_contador_c[1]" at relogioFinal.vhd(104)
Info (10041): Inferred latch for "dado_contador_c[2]" at relogioFinal.vhd(104)
Info (10041): Inferred latch for "dado_contador_c[3]" at relogioFinal.vhd(104)
Info (10041): Inferred latch for "dado_contador_c[4]" at relogioFinal.vhd(104)
Info (10041): Inferred latch for "dado_contador_d[0]" at relogioFinal.vhd(104)
Info (10041): Inferred latch for "dado_contador_d[1]" at relogioFinal.vhd(104)
Info (10041): Inferred latch for "dado_contador_d[2]" at relogioFinal.vhd(104)
Info (10041): Inferred latch for "dado_contador_d[3]" at relogioFinal.vhd(104)
Info (10041): Inferred latch for "dado_contador_d[4]" at relogioFinal.vhd(104)
Info (10041): Inferred latch for "dado_contador_u[0]" at relogioFinal.vhd(104)
Info (10041): Inferred latch for "dado_contador_u[1]" at relogioFinal.vhd(104)
Info (10041): Inferred latch for "dado_contador_u[2]" at relogioFinal.vhd(104)
Info (10041): Inferred latch for "dado_contador_u[3]" at relogioFinal.vhd(104)
Info (10041): Inferred latch for "dado_contador_u[4]" at relogioFinal.vhd(104)
Info (10041): Inferred latch for "dado_paralelo_dm[0]" at relogioFinal.vhd(104)
Info (10041): Inferred latch for "dado_paralelo_dm[1]" at relogioFinal.vhd(104)
Info (10041): Inferred latch for "dado_paralelo_dm[2]" at relogioFinal.vhd(104)
Info (10041): Inferred latch for "dado_paralelo_dm[3]" at relogioFinal.vhd(104)
Info (10041): Inferred latch for "dado_paralelo_dm[4]" at relogioFinal.vhd(104)
Info (10041): Inferred latch for "dado_paralelo_m[0]" at relogioFinal.vhd(104)
Info (10041): Inferred latch for "dado_paralelo_m[1]" at relogioFinal.vhd(104)
Info (10041): Inferred latch for "dado_paralelo_m[2]" at relogioFinal.vhd(104)
Info (10041): Inferred latch for "dado_paralelo_m[3]" at relogioFinal.vhd(104)
Info (10041): Inferred latch for "dado_paralelo_m[4]" at relogioFinal.vhd(104)
Info (10041): Inferred latch for "dado_paralelo_c[0]" at relogioFinal.vhd(104)
Info (10041): Inferred latch for "dado_paralelo_c[1]" at relogioFinal.vhd(104)
Info (10041): Inferred latch for "dado_paralelo_c[2]" at relogioFinal.vhd(104)
Info (10041): Inferred latch for "dado_paralelo_c[3]" at relogioFinal.vhd(104)
Info (10041): Inferred latch for "dado_paralelo_c[4]" at relogioFinal.vhd(104)
Info (10041): Inferred latch for "dado_paralelo_d[0]" at relogioFinal.vhd(104)
Info (10041): Inferred latch for "dado_paralelo_d[1]" at relogioFinal.vhd(104)
Info (10041): Inferred latch for "dado_paralelo_d[2]" at relogioFinal.vhd(104)
Info (10041): Inferred latch for "dado_paralelo_d[3]" at relogioFinal.vhd(104)
Info (10041): Inferred latch for "dado_paralelo_d[4]" at relogioFinal.vhd(104)
Info (10041): Inferred latch for "dado_paralelo_u[0]" at relogioFinal.vhd(104)
Info (10041): Inferred latch for "dado_paralelo_u[1]" at relogioFinal.vhd(104)
Info (10041): Inferred latch for "dado_paralelo_u[2]" at relogioFinal.vhd(104)
Info (10041): Inferred latch for "dado_paralelo_u[3]" at relogioFinal.vhd(104)
Info (10041): Inferred latch for "dado_paralelo_u[4]" at relogioFinal.vhd(104)
Info (12128): Elaborating entity "divisorFrequencia" for hierarchy "divisorFrequencia:div_f0"
Info (12128): Elaborating entity "decode7seg_rel" for hierarchy "decode7seg_rel:d_0"
Warning (10492): VHDL Process Statement warning at decode7seg_rel.vhd(19): signal "seletor" is read inside the Process Statement but isn't in the Process Statement's sensitivity list
Warning (10492): VHDL Process Statement warning at decode7seg_rel.vhd(47): signal "seletor" is read inside the Process Statement but isn't in the Process Statement's sensitivity list
Warning (10631): VHDL Process Statement warning at decode7seg_rel.vhd(16): inferring latch(es) for signal or variable "segmentos", which holds its previous value in one or more paths through the process
Info (10041): Inferred latch for "segmentos[6]" at decode7seg_rel.vhd(19)
Info (10041): Inferred latch for "segmentos[5]" at decode7seg_rel.vhd(19)
Info (10041): Inferred latch for "segmentos[4]" at decode7seg_rel.vhd(19)
Info (10041): Inferred latch for "segmentos[3]" at decode7seg_rel.vhd(19)
Info (10041): Inferred latch for "segmentos[2]" at decode7seg_rel.vhd(19)
Info (10041): Inferred latch for "segmentos[1]" at decode7seg_rel.vhd(19)
Info (10041): Inferred latch for "segmentos[0]" at decode7seg_rel.vhd(19)
Info (12128): Elaborating entity "contadorMOD60" for hierarchy "contadorMOD60:u_c"
Info (12128): Elaborating entity "lpm_counter" for hierarchy "contadorMOD60:u_c|lpm_counter:LPM_COUNTER_component"
Info (12130): Elaborated megafunction instantiation "contadorMOD60:u_c|lpm_counter:LPM_COUNTER_component"
Info (12133): Instantiated megafunction "contadorMOD60:u_c|lpm_counter:LPM_COUNTER_component" with the following parameter:
    Info (12134): Parameter "lpm_direction" = "UNUSED"
    Info (12134): Parameter "lpm_modulus" = "10"
    Info (12134): Parameter "lpm_port_updown" = "PORT_USED"
    Info (12134): Parameter "lpm_type" = "LPM_COUNTER"
    Info (12134): Parameter "lpm_width" = "5"
Info (12021): Found 1 design units, including 1 entities, in source file db/cntr_9vj.tdf
    Info (12023): Found entity 1: cntr_9vj
Info (12128): Elaborating entity "cntr_9vj" for hierarchy "contadorMOD60:u_c|lpm_counter:LPM_COUNTER_component|cntr_9vj:auto_generated"
Info (12021): Found 1 design units, including 1 entities, in source file db/cmpr_9cc.tdf
    Info (12023): Found entity 1: cmpr_9cc
Info (12128): Elaborating entity "cmpr_9cc" for hierarchy "contadorMOD60:u_c|lpm_counter:LPM_COUNTER_component|cntr_9vj:auto_generated|cmpr_9cc:cmpr2"
Info (12128): Elaborating entity "contadorMOD60" for hierarchy "contadorMOD60:d_c"
Info (12128): Elaborating entity "lpm_counter" for hierarchy "contadorMOD60:d_c|lpm_counter:LPM_COUNTER_component"
Info (12130): Elaborated megafunction instantiation "contadorMOD60:d_c|lpm_counter:LPM_COUNTER_component"
Info (12133): Instantiated megafunction "contadorMOD60:d_c|lpm_counter:LPM_COUNTER_component" with the following parameter:
    Info (12134): Parameter "lpm_direction" = "UNUSED"
    Info (12134): Parameter "lpm_modulus" = "6"
    Info (12134): Parameter "lpm_port_updown" = "PORT_USED"
    Info (12134): Parameter "lpm_type" = "LPM_COUNTER"
    Info (12134): Parameter "lpm_width" = "5"
Info (12021): Found 1 design units, including 1 entities, in source file db/cntr_utj.tdf
    Info (12023): Found entity 1: cntr_utj
Info (12128): Elaborating entity "cntr_utj" for hierarchy "contadorMOD60:d_c|lpm_counter:LPM_COUNTER_component|cntr_utj:auto_generated"
Info (12128): Elaborating entity "contaHora" for hierarchy "contaHora:dm_c"
Info (12128): Elaborating entity "lpm_counter" for hierarchy "contaHora:dm_c|lpm_counter:LPM_COUNTER_component"
Info (12130): Elaborated megafunction instantiation "contaHora:dm_c|lpm_counter:LPM_COUNTER_component"
Info (12133): Instantiated megafunction "contaHora:dm_c|lpm_counter:LPM_COUNTER_component" with the following parameter:
    Info (12134): Parameter "lpm_direction" = "UNUSED"
    Info (12134): Parameter "lpm_modulus" = "24"
    Info (12134): Parameter "lpm_port_updown" = "PORT_USED"
    Info (12134): Parameter "lpm_type" = "LPM_COUNTER"
    Info (12134): Parameter "lpm_width" = "5"
Info (12021): Found 1 design units, including 1 entities, in source file db/cntr_b9k.tdf
    Info (12023): Found entity 1: cntr_b9k
Info (12128): Elaborating entity "cntr_b9k" for hierarchy "contaHora:dm_c|lpm_counter:LPM_COUNTER_component|cntr_b9k:auto_generated"
Warning (14026): LATCH primitive "decode7seg_rel:d_5|segmentos[5]" is permanently enabled
Warning (14026): LATCH primitive "decode7seg_rel:d_5|segmentos[4]" is permanently enabled
Warning (14026): LATCH primitive "decode7seg_rel:d_5|segmentos[3]" is permanently enabled
Warning (14026): LATCH primitive "decode7seg_rel:d_5|segmentos[2]" is permanently enabled
Warning (14026): LATCH primitive "decode7seg_rel:d_5|segmentos[0]" is permanently enabled
Warning (14026): LATCH primitive "decode7seg_rel:d_5|segmentos[6]" is permanently enabled
Warning (14026): LATCH primitive "decode7seg_rel:d_4|segmentos[5]" is permanently enabled
Warning (14026): LATCH primitive "decode7seg_rel:d_4|segmentos[4]" is permanently enabled
Warning (14026): LATCH primitive "decode7seg_rel:d_4|segmentos[3]" is permanently enabled
Warning (14026): LATCH primitive "decode7seg_rel:d_4|segmentos[2]" is permanently enabled
Warning (14026): LATCH primitive "decode7seg_rel:d_4|segmentos[1]" is permanently enabled
Warning (14026): LATCH primitive "decode7seg_rel:d_4|segmentos[0]" is permanently enabled
Warning (14026): LATCH primitive "decode7seg_rel:d_4|segmentos[6]" is permanently enabled
Warning (14026): LATCH primitive "decode7seg_rel:d_3|segmentos[5]" is permanently enabled
Warning (14026): LATCH primitive "decode7seg_rel:d_3|segmentos[4]" is permanently enabled
Warning (14026): LATCH primitive "decode7seg_rel:d_3|segmentos[3]" is permanently enabled
Warning (14026): LATCH primitive "decode7seg_rel:d_3|segmentos[2]" is permanently enabled
Warning (14026): LATCH primitive "decode7seg_rel:d_3|segmentos[1]" is permanently enabled
Warning (14026): LATCH primitive "decode7seg_rel:d_3|segmentos[0]" is permanently enabled
Warning (14026): LATCH primitive "decode7seg_rel:d_3|segmentos[6]" is permanently enabled
Warning (14026): LATCH primitive "decode7seg_rel:d_2|segmentos[5]" is permanently enabled
Warning (14026): LATCH primitive "decode7seg_rel:d_2|segmentos[4]" is permanently enabled
Warning (14026): LATCH primitive "decode7seg_rel:d_2|segmentos[3]" is permanently enabled
Warning (14026): LATCH primitive "decode7seg_rel:d_2|segmentos[2]" is permanently enabled
Warning (14026): LATCH primitive "decode7seg_rel:d_2|segmentos[1]" is permanently enabled
Warning (14026): LATCH primitive "decode7seg_rel:d_2|segmentos[0]" is permanently enabled
Warning (14026): LATCH primitive "decode7seg_rel:d_2|segmentos[6]" is permanently enabled
Warning (14026): LATCH primitive "decode7seg_rel:d_1|segmentos[5]" is permanently enabled
Warning (14026): LATCH primitive "decode7seg_rel:d_1|segmentos[4]" is permanently enabled
Warning (14026): LATCH primitive "decode7seg_rel:d_1|segmentos[3]" is permanently enabled
Warning (14026): LATCH primitive "decode7seg_rel:d_1|segmentos[2]" is permanently enabled
Warning (14026): LATCH primitive "decode7seg_rel:d_1|segmentos[1]" is permanently enabled
Warning (14026): LATCH primitive "decode7seg_rel:d_1|segmentos[0]" is permanently enabled
Warning (14026): LATCH primitive "decode7seg_rel:d_1|segmentos[6]" is permanently enabled
Warning (14026): LATCH primitive "decode7seg_rel:d_0|segmentos[5]" is permanently enabled
Warning (14026): LATCH primitive "decode7seg_rel:d_0|segmentos[4]" is permanently enabled
Warning (14026): LATCH primitive "decode7seg_rel:d_0|segmentos[3]" is permanently enabled
Warning (14026): LATCH primitive "decode7seg_rel:d_0|segmentos[2]" is permanently enabled
Warning (14026): LATCH primitive "decode7seg_rel:d_0|segmentos[1]" is permanently enabled
Warning (14026): LATCH primitive "decode7seg_rel:d_0|segmentos[0]" is permanently enabled
Warning (14026): LATCH primitive "decode7seg_rel:d_0|segmentos[6]" is permanently enabled
Warning (14026): LATCH primitive "decode7seg_rel:d_5|segmentos[5]" is permanently enabled
Warning (14026): LATCH primitive "decode7seg_rel:d_5|segmentos[4]" is permanently enabled
Warning (14026): LATCH primitive "decode7seg_rel:d_5|segmentos[3]" is permanently enabled
Warning (14026): LATCH primitive "decode7seg_rel:d_5|segmentos[2]" is permanently enabled
Warning (14026): LATCH primitive "decode7seg_rel:d_5|segmentos[0]" is permanently enabled
Warning (14026): LATCH primitive "decode7seg_rel:d_5|segmentos[6]" is permanently enabled
Warning (14026): LATCH primitive "decode7seg_rel:d_4|segmentos[5]" is permanently enabled
Warning (14026): LATCH primitive "decode7seg_rel:d_4|segmentos[4]" is permanently enabled
Warning (14026): LATCH primitive "decode7seg_rel:d_4|segmentos[3]" is permanently enabled
Warning (14026): LATCH primitive "decode7seg_rel:d_4|segmentos[2]" is permanently enabled
Warning (14026): LATCH primitive "decode7seg_rel:d_4|segmentos[1]" is permanently enabled
Warning (14026): LATCH primitive "decode7seg_rel:d_4|segmentos[0]" is permanently enabled
Warning (14026): LATCH primitive "decode7seg_rel:d_4|segmentos[6]" is permanently enabled
Warning (14026): LATCH primitive "decode7seg_rel:d_3|segmentos[5]" is permanently enabled
Warning (14026): LATCH primitive "decode7seg_rel:d_3|segmentos[4]" is permanently enabled
Warning (14026): LATCH primitive "decode7seg_rel:d_3|segmentos[3]" is permanently enabled
Warning (14026): LATCH primitive "decode7seg_rel:d_3|segmentos[2]" is permanently enabled
Warning (14026): LATCH primitive "decode7seg_rel:d_3|segmentos[1]" is permanently enabled
Warning (14026): LATCH primitive "decode7seg_rel:d_3|segmentos[0]" is permanently enabled
Warning (14026): LATCH primitive "decode7seg_rel:d_3|segmentos[6]" is permanently enabled
Warning (14026): LATCH primitive "decode7seg_rel:d_2|segmentos[5]" is permanently enabled
Warning (14026): LATCH primitive "decode7seg_rel:d_2|segmentos[4]" is permanently enabled
Warning (14026): LATCH primitive "decode7seg_rel:d_2|segmentos[3]" is permanently enabled
Warning (14026): LATCH primitive "decode7seg_rel:d_2|segmentos[2]" is permanently enabled
Warning (14026): LATCH primitive "decode7seg_rel:d_2|segmentos[1]" is permanently enabled
Warning (14026): LATCH primitive "decode7seg_rel:d_2|segmentos[0]" is permanently enabled
Warning (14026): LATCH primitive "decode7seg_rel:d_2|segmentos[6]" is permanently enabled
Warning (14026): LATCH primitive "decode7seg_rel:d_1|segmentos[5]" is permanently enabled
Warning (14026): LATCH primitive "decode7seg_rel:d_1|segmentos[4]" is permanently enabled
Warning (14026): LATCH primitive "decode7seg_rel:d_1|segmentos[3]" is permanently enabled
Warning (14026): LATCH primitive "decode7seg_rel:d_1|segmentos[2]" is permanently enabled
Warning (14026): LATCH primitive "decode7seg_rel:d_1|segmentos[1]" is permanently enabled
Warning (14026): LATCH primitive "decode7seg_rel:d_1|segmentos[0]" is permanently enabled
Warning (14026): LATCH primitive "decode7seg_rel:d_1|segmentos[6]" is permanently enabled
Warning (14026): LATCH primitive "decode7seg_rel:d_0|segmentos[5]" is permanently enabled
Warning (14026): LATCH primitive "decode7seg_rel:d_0|segmentos[4]" is permanently enabled
Warning (14026): LATCH primitive "decode7seg_rel:d_0|segmentos[3]" is permanently enabled
Warning (14026): LATCH primitive "decode7seg_rel:d_0|segmentos[2]" is permanently enabled
Warning (14026): LATCH primitive "decode7seg_rel:d_0|segmentos[1]" is permanently enabled
Warning (14026): LATCH primitive "decode7seg_rel:d_0|segmentos[0]" is permanently enabled
Warning (14026): LATCH primitive "decode7seg_rel:d_0|segmentos[6]" is permanently enabled
Warning (13012): Latch count2[2] has unsafe behavior
    Warning (13013): Ports D and ENA on the latch are fed by the same signal flag[3]
Warning (13012): Latch count2[3] has unsafe behavior
    Warning (13013): Ports D and ENA on the latch are fed by the same signal flag[3]
Warning (13012): Latch count2[0] has unsafe behavior
    Warning (13013): Ports D and ENA on the latch are fed by the same signal flag[3]
Warning (13012): Latch count2[1] has unsafe behavior
    Warning (13013): Ports D and ENA on the latch are fed by the same signal flag[3]
Warning (13012): Latch count[8] has unsafe behavior
    Warning (13013): Ports D and ENA on the latch are fed by the same signal flag[3]
    Warning (13013): Ports ENA and PRE on the latch are fed by the same signal flag[3]
Warning (13012): Latch count[7] has unsafe behavior
    Warning (13013): Ports D and ENA on the latch are fed by the same signal flag[3]
    Warning (13013): Ports ENA and CLR on the latch are fed by the same signal flag[3]
Warning (13012): Latch count[6] has unsafe behavior
    Warning (13013): Ports D and ENA on the latch are fed by the same signal flag[3]
    Warning (13013): Ports ENA and CLR on the latch are fed by the same signal flag[3]
Warning (13012): Latch count[5] has unsafe behavior
    Warning (13013): Ports D and ENA on the latch are fed by the same signal flag[3]
    Warning (13013): Ports ENA and PRE on the latch are fed by the same signal flag[3]
Warning (13012): Latch count[4] has unsafe behavior
    Warning (13013): Ports D and ENA on the latch are fed by the same signal flag[3]
    Warning (13013): Ports ENA and CLR on the latch are fed by the same signal flag[3]
Warning (13012): Latch count[3] has unsafe behavior
    Warning (13013): Ports D and ENA on the latch are fed by the same signal flag[3]
    Warning (13013): Ports ENA and PRE on the latch are fed by the same signal flag[3]
Warning (13012): Latch count[2] has unsafe behavior
    Warning (13013): Ports D and ENA on the latch are fed by the same signal flag[3]
    Warning (13013): Ports ENA and PRE on the latch are fed by the same signal flag[3]
Warning (13012): Latch count[1] has unsafe behavior
    Warning (13013): Ports D and ENA on the latch are fed by the same signal flag[3]
    Warning (13013): Ports ENA and CLR on the latch are fed by the same signal flag[3]
Warning (13012): Latch count[0] has unsafe behavior
    Warning (13013): Ports D and ENA on the latch are fed by the same signal flag[3]
    Warning (13013): Ports ENA and CLR on the latch are fed by the same signal flag[3]
Warning (13012): Latch dado_paralelo_dm[4] has unsafe behavior
    Warning (13013): Ports D and ENA on the latch are fed by the same signal sel_3
Warning (13012): Latch dado_paralelo_dm[3] has unsafe behavior
    Warning (13013): Ports D and ENA on the latch are fed by the same signal sel_3
Warning (13012): Latch dado_paralelo_dm[2] has unsafe behavior
    Warning (13013): Ports D and ENA on the latch are fed by the same signal sel_3
Warning (13012): Latch dado_paralelo_dm[1] has unsafe behavior
    Warning (13013): Ports D and ENA on the latch are fed by the same signal sel_3
Warning (13012): Latch dado_paralelo_dm[0] has unsafe behavior
    Warning (13013): Ports D and ENA on the latch are fed by the same signal sel_3
Warning (13012): Latch dado_paralelo_m[0] has unsafe behavior
    Warning (13013): Ports D and ENA on the latch are fed by the same signal sel_2
Warning (13012): Latch dado_paralelo_m[3] has unsafe behavior
    Warning (13013): Ports D and ENA on the latch are fed by the same signal sel_2
Warning (13012): Latch dado_paralelo_m[4] has unsafe behavior
    Warning (13013): Ports D and ENA on the latch are fed by the same signal sel_2
Warning (13012): Latch dado_paralelo_m[1] has unsafe behavior
    Warning (13013): Ports D and ENA on the latch are fed by the same signal sel_2
Warning (13012): Latch dado_paralelo_m[2] has unsafe behavior
    Warning (13013): Ports D and ENA on the latch are fed by the same signal sel_2
Warning (13024): Output pins are stuck at VCC or GND
    Warning (13410): Pin "pisca_placa[0]" is stuck at GND
    Warning (13410): Pin "pisca_placa[1]" is stuck at GND
    Warning (13410): Pin "led[7]" is stuck at GND
    Warning (13410): Pin "led[6]" is stuck at GND
    Warning (13410): Pin "led[5]" is stuck at GND
    Warning (13410): Pin "led[4]" is stuck at GND
    Warning (13410): Pin "sb[5]" is stuck at VCC
Info (16010): Generating hard_block partition "hard_block:auto_generated_inst"
    Info (16011): Adding 0 node(s), including 0 DDIO, 0 PLL, 0 transceiver and 0 LCELL
Info (21057): Implemented 455 device resources after synthesis - the final resource count might be different
    Info (21058): Implemented 14 input pins
    Info (21059): Implemented 54 output pins
    Info (21061): Implemented 387 logic cells
Info: Quartus II 64-Bit Analysis & Synthesis was successful. 0 errors, 181 warnings
    Info: Peak virtual memory: 4638 megabytes
    Info: Processing ended: Mon Dec 14 19:59:55 2020
    Info: Elapsed time: 00:00:12
    Info: Total CPU time (on all processors): 00:00:11


